<?xml version="1.0" encoding="UTF-8"?>
<testng-results ignored="0" total="1" passed="0" failed="1" skipped="0">
  <reporter-output>
  </reporter-output>
  <suite started-at="2023-04-28T20:10:00 PKT" name="Default suite" finished-at="2023-04-28T20:10:09 PKT" duration-ms="8651">
    <groups>
    </groups>
    <test started-at="2023-04-28T20:10:00 PKT" name="Default test" finished-at="2023-04-28T20:10:09 PKT" duration-ms="8651">
      <class name="TestCaseForCatalogModule_Package.TestCase_Categories_Page">
        <test-method is-config="true" signature="beforeMethod()[pri:0, instance:TestCaseForCatalogModule_Package.TestCase_Categories_Page@3568f9d2]" started-at="2023-04-28T20:10:00 PKT" name="beforeMethod" finished-at="2023-04-28T20:10:09 PKT" duration-ms="8436" status="PASS">
          <reporter-output>
          </reporter-output>
        </test-method> <!-- beforeMethod -->
        <test-method signature="TestcaseForAddNewCategory()[pri:0, instance:TestCaseForCatalogModule_Package.TestCase_Categories_Page@3568f9d2]" started-at="2023-04-28T20:10:09 PKT" name="TestcaseForAddNewCategory" finished-at="2023-04-28T20:10:09 PKT" duration-ms="73" status="FAIL">
          <exception class="java.lang.NullPointerException">
            <message>
              <![CDATA[Cannot invoke "org.openqa.selenium.WebDriver.findElement(org.openqa.selenium.By)" because "this.driver" is null]]>
            </message>
            <full-stacktrace>
              <![CDATA[java.lang.NullPointerException: Cannot invoke "org.openqa.selenium.WebDriver.findElement(org.openqa.selenium.By)" because "this.driver" is null
at CatalogModule_Package.Categories_Page.ClickOnCatalogMenuAndCategory(Categories_Page.java:29)
at TestCaseForCatalogModule_Package.TestCase_Categories_Page.TestcaseForAddNewCategory(TestCase_Categories_Page.java:17)
at java.base/jdk.internal.reflect.DirectMethodHandleAccessor.invoke(DirectMethodHandleAccessor.java:104)
at java.base/java.lang.reflect.Method.invoke(Method.java:578)
at org.testng.internal.MethodInvocationHelper.invokeMethod(MethodInvocationHelper.java:133)
at org.testng.internal.TestInvoker.invokeMethod(TestInvoker.java:598)
at org.testng.internal.TestInvoker.invokeTestMethod(TestInvoker.java:173)
at org.testng.internal.MethodRunner.runInSequence(MethodRunner.java:46)
at org.testng.internal.TestInvoker$MethodInvocationAgent.invoke(TestInvoker.java:824)
at org.testng.internal.TestInvoker.invokeTestMethods(TestInvoker.java:146)
at org.testng.internal.TestMethodWorker.invokeTestMethods(TestMethodWorker.java:146)
at org.testng.internal.TestMethodWorker.run(TestMethodWorker.java:128)
at java.base/java.util.ArrayList.forEach(ArrayList.java:1511)
at org.testng.TestRunner.privateRun(TestRunner.java:794)
at org.testng.TestRunner.run(TestRunner.java:596)
at org.testng.SuiteRunner.runTest(SuiteRunner.java:377)
at org.testng.SuiteRunner.runSequentially(SuiteRunner.java:371)
at org.testng.SuiteRunner.privateRun(SuiteRunner.java:332)
at org.testng.SuiteRunner.run(SuiteRunner.java:276)
at org.testng.SuiteRunnerWorker.runSuite(SuiteRunnerWorker.java:53)
at org.testng.SuiteRunnerWorker.run(SuiteRunnerWorker.java:96)
at org.testng.TestNG.runSuitesSequentially(TestNG.java:1212)
at org.testng.TestNG.runSuitesLocally(TestNG.java:1134)
at org.testng.TestNG.runSuites(TestNG.java:1063)
at org.testng.TestNG.run(TestNG.java:1031)
at org.testng.remote.AbstractRemoteTestNG.run(AbstractRemoteTestNG.java:115)
at org.testng.remote.RemoteTestNG.initAndRun(RemoteTestNG.java:251)
at org.testng.remote.RemoteTestNG.main(RemoteTestNG.java:77)
]]>
            </full-stacktrace>
          </exception> <!-- java.lang.NullPointerException -->
          <reporter-output>
          </reporter-output>
        </test-method> <!-- TestcaseForAddNewCategory -->
        <test-method is-config="true" signature="afterMethod()[pri:0, instance:TestCaseForCatalogModule_Package.TestCase_Categories_Page@3568f9d2]" started-at="2023-04-28T20:10:09 PKT" name="afterMethod" finished-at="2023-04-28T20:10:09 PKT" duration-ms="1" status="PASS">
          <reporter-output>
          </reporter-output>
        </test-method> <!-- afterMethod -->
      </class> <!-- TestCaseForCatalogModule_Package.TestCase_Categories_Page -->
    </test> <!-- Default test -->
  </suite> <!-- Default suite -->
</testng-results>
